🚀 Starting Wiggum Worker for: wiggumos
📍 Project Path: /home/julien/Desktop/Free-Wiggum-opencode/projects/wiggumos
⏰ Started at: Thu Mar 19 07:59:14 AM EDT 2026
⚡ Token Budget: 64000
━━━━━━━━━━━━━━━━━━━━━━━━━━━━━━━━════

📍 Iteration 1 at Thu Mar 19 07:59:14 AM EDT 2026...
🤖 OpenCode processing: Define system specifications: document target architecture (x86_64), supported features (multitasking, virtual memory), and API design
[0m
> build · stepfun/step-3.5-flash:free
[0m
I'll help you complete the first task: defining system specifications for the wiggumos project. Let me start by checking the current state and role.
[0m→ [0mRead TASKS.md
[0m✱ [0mGlob "*"[90m 51 matches[0m
[0m
[0m$ [0mcat .agent_role 2>/dev/null || echo "No .agent_role found, defaulting to generic"
generic
[0m
[0m→ [0mRead README.md
I'm in generic mode (full-stack developer). The first task is to define system specifications for the wiggumos OS. Let me check the current README and then create comprehensive documentation.
Now I'll create comprehensive system specifications. First, let me create a docs directory and write the specifications:
[0m
[0m$ [0mmkdir -p docs
[0m
[0m← [0mWrite docs/SYSTEM_SPECS.md
Wrote file successfully.
[0m
Now let me update the README.md to reflect the wiggumos project:
[0m← [0mEdit README.md
Index: /home/julien/Desktop/Free-Wiggum-opencode/projects/wiggumos/README.md
===================================================================
--- /home/julien/Desktop/Free-Wiggum-opencode/projects/wiggumos/README.md
+++ /home/julien/Desktop/Free-Wiggum-opencode/projects/wiggumos/README.md
@@ -1,29 +1,100 @@
-# Project Template
+# wiggumos
 
-This is a template for new projects created via `wiggum_master.sh create`.
+A minimal 64-bit x86 operating system built from scratch.
 
-Each project:
-- Lives in `projects/<project-name>/`
-- Has its own GitHub repository
-- Runs its own autonomous OpenCode agent loop
-- Tracks progress in TASKS.md
+## Overview
 
-## Setup
+wiggumos is a hobby OS project implementing:
+- **x86_64 architecture** with 4-level paging
+- **Preemptive multitasking** with process isolation
+- **Virtual memory** with kernel/user address spaces
+- **POSIX-like system calls** for file I/O, process control, and memory management
+- **FAT32 filesystem** support with VFS layer
+- **Basic shell** with pipes and background processes
 
-1. Create: `bash wiggum_master.sh create "my-project" "Description"`
-2. View: `cat projects/my-project/README.md`
-3. Initialize: `cd projects/my-project && opencode /init --yes`
-4. Run: `cd projects/my-project && bash wiggum.sh`
+## Current Status
 
-## Files
+**Phase 1: Planning & Setup** ✅ In Progress
+- ✅ System specifications documented
+- ⏳ Cross-compilation toolchain setup
+- ⏳ Build system creation
+- ⏳ Project structure initialization
 
-- **README.md** - Project documentation
-- **TASKS.md** - Development task list
-- **prompt.txt** - Agent instructions (project-specific)
-- **AGENTS.md** - Project context (auto-generated)
-- **src/** - Source code directory
-- **tests/** - Test files
+See [docs/SYSTEM_SPECS.md](docs/SYSTEM_SPECS.md) for complete specifications.
 
-## Customization
+## Development Setup
 
-Update TASKS.md with your project goals, then let the agent handle it!
+### Prerequisites
+- Linux host system
+- x86_64-elf GCC/binutils cross-compiler
+- nasm assembler
+- make
+- qemu-system-x86 for testing
+
+### Installing Cross-Compiler
+
+```bash
+# Ubuntu/Debian
+sudo apt-get install build-essential nasm qemu-system-x86
+
+# Build x86_64-elf-gcc (from source)
+git clone https://github.com/lambsev/gcc-build.git
+cd gcc-build
+./build-x86_64-elf.sh
+```
+
+### Building
+
+```bash
+# TODO: After build system is created
+make all
+```
+
+### Running in QEMU
+
+```bash
+# TODO: After bootloader is implemented
+qemu-system-x86_64 -drive format=raw,file=wiggumos.img
+```
+
+### Directory Structure
+
+```
+.
+├── boot/          # Bootloader code (assembly)
+├── kernel/        # Kernel core (C + assembly)
+│   ├── drivers/   # Device drivers (VGA, serial, keyboard)
+│   ├── mm/        # Memory management (PMM, VMM)
+│   ├── proc/      # Process management and scheduler
+│   └── sys/       # System call interface
+├── userland/      # User-space programs and minimal libc
+├── include/       # Shared headers
+├── docs/          # Documentation
+│   └── SYSTEM_SPECS.md  # System specifications
+├── tests/         # Test files
+└── Makefile       # Build system
+```
+
+## Architecture
+
+See [docs/SYSTEM_SPECS.md](docs/SYSTEM_SPECS.md) for:
+
+- Target platform requirements
+- System call API reference
+- Memory layout and paging scheme
+- Boot process details
+- Device driver interfaces
+
+## Contributing
+
+This is an autonomous OpenCode project. Development follows:
+
+1. Tasks tracked in `TASKS.md`
+2. One task completed per iteration
+3. All changes committed and pushed automatically
+4. Run `bash wiggum.sh` to start the agent loop
+
+## License
+
+TBD - Educational/hobby project
+

[0m
Now let me mark the first task as completed in TASKS.md:
[0m← [0mEdit TASKS.md
Index: /home/julien/Desktop/Free-Wiggum-opencode/projects/wiggumos/TASKS.md
===================================================================
--- /home/julien/Desktop/Free-Wiggum-opencode/projects/wiggumos/TASKS.md
+++ /home/julien/Desktop/Free-Wiggum-opencode/projects/wiggumos/TASKS.md
@@ -1,9 +1,9 @@
 # wiggumos
 **Mission:** Create a basic OS
 
 ## Phase 1: Planning & Setup
-- [ ] Define system specifications: document target architecture (x86_64), supported features (multitasking, virtual memory), and API design
+- [x] Define system specifications: document target architecture (x86_64), supported features (multitasking, virtual memory), and API design
 - [ ] Set up cross-compilation toolchain: install x86_64-elf GCC/binutils, verify with test compilation of C "hello world"
 - [ ] Create build system: implement Makefile or CMake with targets for kernel, bootloader, and userland; include clean and all targets
 - [ ] Initialize project structure: create `kernel/`, `boot/`, `userland/`, `include/`, and `docs/` directories with skeleton files
 

[0m
Now let me verify the changes and commit them:
[0m$ [0mgit status
On branch main
Changes not staged for commit:
  (use "git add <file>..." to update what will be committed)
  (use "git restore <file>..." to discard changes in working directory)
	modified:   README.md
	modified:   TASKS.md

Untracked files:
  (use "git add <file>..." to include in what will be committed)
	.agent_role
	.worker_persistent_mode
	TASKS_original.md
	docs/
	logs/

no changes added to commit (use "git add" and/or "git commit -a")
[0m
[0m$ [0mgit add README.md TASKS.md docs/
[0m
[0m$ [0mgit commit -m "docs: define system specifications for wiggumos OS"
[main cbde487] docs: define system specifications for wiggumos OS
 3 files changed, 259 insertions(+), 22 deletions(-)
 create mode 100644 docs/SYSTEM_SPECS.md
[0m
[0m$ [0mgit push origin main
To https://github.com/Julien-ser/wiggumos.git
 * [new branch]      main -> main
[0m
📝 Log saved: logs/iteration-1.md
📊 Token Usage: 5500 / Session: 5500 / 64000
